Copyright 1986-2020 Xilinx, Inc. All Rights Reserved.
------------------------------------------------------------------------------------------------------------------------------------------
| Tool Version : Vivado v.2020.1 (lin64) Build 2902540 Wed May 27 19:54:35 MDT 2020
| Date         : Sat Dec 16 09:36:18 2023
| Host         : billionaire-he-will-be running 64-bit Ubuntu 20.04.6 LTS
| Command      : report_drc -file design_1_wrapper_drc_routed.rpt -pb design_1_wrapper_drc_routed.pb -rpx design_1_wrapper_drc_routed.rpx
| Design       : design_1_wrapper
| Device       : xc7z020clg400-1
| Speed File   : -1
| Design State : Fully Routed
------------------------------------------------------------------------------------------------------------------------------------------

Report DRC

Table of Contents
-----------------
1. REPORT SUMMARY
2. REPORT DETAILS

1. REPORT SUMMARY
-----------------
            Netlist: netlist
          Floorplan: design_1
      Design limits: <entire design considered>
           Ruledeck: default
             Max violations: <unlimited>
             Violations found: 3
+----------+----------+--------------------+------------+
| Rule     | Severity | Description        | Violations |
+----------+----------+--------------------+------------+
| PDRC-153 | Warning  | Gated clock check  | 2          |
| ZPS7-1   | Warning  | PS7 block required | 1          |
+----------+----------+--------------------+------------+

2. REPORT DETAILS
-----------------
PDRC-153#1 Warning
Gated clock check  
Net design_1_i/FSM_VGA_all_0/inst/FSM_resize_shape/r_iShape_sizeX_next_reg[9]_i_2_n_0 is a gated clock net sourced by a combinational pin design_1_i/FSM_VGA_all_0/inst/FSM_resize_shape/r_iShape_sizeX_next_reg[9]_i_2/O, cell design_1_i/FSM_VGA_all_0/inst/FSM_resize_shape/r_iShape_sizeX_next_reg[9]_i_2. This is not good design practice and will likely impact performance. For SLICE registers, for example, use the CE pin to control the loading of data.
Related violations: <none>

PDRC-153#2 Warning
Gated clock check  
Net design_1_i/FSM_VGA_all_0/inst/FSM_resize_shape/r_iShape_sizeY_next_reg[9]_i_2_n_0 is a gated clock net sourced by a combinational pin design_1_i/FSM_VGA_all_0/inst/FSM_resize_shape/r_iShape_sizeY_next_reg[9]_i_2/O, cell design_1_i/FSM_VGA_all_0/inst/FSM_resize_shape/r_iShape_sizeY_next_reg[9]_i_2. This is not good design practice and will likely impact performance. For SLICE registers, for example, use the CE pin to control the loading of data.
Related violations: <none>

ZPS7-1#1 Warning
PS7 block required  
The PS7 cell must be used in this Zynq design in order to enable correct default configuration.
Related violations: <none>


